[2025-12-15T08:50:03.282+0000] {manager.py:469} INFO - Processing files using up to 2 processes at a time 
[2025-12-15T08:50:03.283+0000] {manager.py:470} INFO - Process each file at most once every 30 seconds
[2025-12-15T08:50:03.284+0000] {manager.py:471} INFO - Checking for new files in /opt/airflow/dags every 300 seconds
[2025-12-15T08:50:03.284+0000] {manager.py:738} INFO - Searching for files in /opt/airflow/dags
[2025-12-15T08:50:03.293+0000] {manager.py:741} INFO - There are 1 files in /opt/airflow/dags
[2025-12-15T08:50:03.549+0000] {manager.py:879} INFO - 
================================================================================
DAG File Processing Stats

File Path                                      PID  Runtime      # DAGs    # Errors  Last Runtime    Last Run
-------------------------------------------  -----  ---------  --------  ----------  --------------  ----------
/opt/airflow/dags/crm_telemetry_mart_dag.py    180  0.04s             0           0
================================================================================
[2025-12-15T08:50:33.744+0000] {manager.py:879} INFO - 
================================================================================
DAG File Processing Stats

File Path                                    PID    Runtime      # DAGs    # Errors  Last Runtime    Last Run
-------------------------------------------  -----  ---------  --------  ----------  --------------  -------------------
/opt/airflow/dags/crm_telemetry_mart_dag.py                           0           1  1.17s           2025-12-15T08:50:04
================================================================================
[2025-12-15T08:51:04.051+0000] {manager.py:879} INFO - 
================================================================================
DAG File Processing Stats

File Path                                    PID    Runtime      # DAGs    # Errors  Last Runtime    Last Run
-------------------------------------------  -----  ---------  --------  ----------  --------------  -------------------
/opt/airflow/dags/crm_telemetry_mart_dag.py                           0           1  0.47s           2025-12-15T08:50:35
================================================================================
[2025-12-15T08:51:34.174+0000] {manager.py:879} INFO - 
================================================================================
DAG File Processing Stats

File Path                                    PID    Runtime      # DAGs    # Errors  Last Runtime    Last Run
-------------------------------------------  -----  ---------  --------  ----------  --------------  -------------------
/opt/airflow/dags/crm_telemetry_mart_dag.py                           0           1  0.52s           2025-12-15T08:51:05
================================================================================
[2025-12-15T08:52:04.465+0000] {manager.py:879} INFO - 
================================================================================
DAG File Processing Stats

File Path                                    PID    Runtime      # DAGs    # Errors  Last Runtime    Last Run
-------------------------------------------  -----  ---------  --------  ----------  --------------  -------------------
/opt/airflow/dags/crm_telemetry_mart_dag.py                           0           1  0.45s           2025-12-15T08:51:36
================================================================================
[2025-12-15T08:52:34.608+0000] {manager.py:879} INFO - 
================================================================================
DAG File Processing Stats

File Path                                    PID    Runtime      # DAGs    # Errors  Last Runtime    Last Run
-------------------------------------------  -----  ---------  --------  ----------  --------------  -------------------
/opt/airflow/dags/crm_telemetry_mart_dag.py                           0           1  0.53s           2025-12-15T08:52:07
================================================================================
[2025-12-15T08:53:04.842+0000] {manager.py:879} INFO - 
================================================================================
DAG File Processing Stats

File Path                                    PID    Runtime      # DAGs    # Errors  Last Runtime    Last Run
-------------------------------------------  -----  ---------  --------  ----------  --------------  -------------------
/opt/airflow/dags/crm_telemetry_mart_dag.py                           0           1  0.45s           2025-12-15T08:52:38
================================================================================
[2025-12-15T08:53:34.934+0000] {manager.py:879} INFO - 
================================================================================
DAG File Processing Stats

File Path                                    PID    Runtime      # DAGs    # Errors  Last Runtime    Last Run
-------------------------------------------  -----  ---------  --------  ----------  --------------  -------------------
/opt/airflow/dags/crm_telemetry_mart_dag.py                           0           1  0.47s           2025-12-15T08:53:08
================================================================================
[2025-12-15T08:54:05.171+0000] {manager.py:879} INFO - 
================================================================================
DAG File Processing Stats

File Path                                    PID    Runtime      # DAGs    # Errors  Last Runtime    Last Run
-------------------------------------------  -----  ---------  --------  ----------  --------------  -------------------
/opt/airflow/dags/crm_telemetry_mart_dag.py                           0           1  0.42s           2025-12-15T08:53:39
================================================================================
[2025-12-15T08:54:35.217+0000] {manager.py:879} INFO - 
================================================================================
DAG File Processing Stats

File Path                                    PID    Runtime      # DAGs    # Errors  Last Runtime    Last Run
-------------------------------------------  -----  ---------  --------  ----------  --------------  -------------------
/opt/airflow/dags/crm_telemetry_mart_dag.py                           0           1  0.46s           2025-12-15T08:54:10
================================================================================
[2025-12-15T08:55:03.439+0000] {manager.py:738} INFO - Searching for files in /opt/airflow/dags
[2025-12-15T08:55:03.464+0000] {manager.py:741} INFO - There are 1 files in /opt/airflow/dags
[2025-12-15T08:55:05.501+0000] {manager.py:879} INFO - 
================================================================================
DAG File Processing Stats

File Path                                    PID    Runtime      # DAGs    # Errors  Last Runtime    Last Run
-------------------------------------------  -----  ---------  --------  ----------  --------------  -------------------
/opt/airflow/dags/crm_telemetry_mart_dag.py                           0           1  0.45s           2025-12-15T08:54:40
================================================================================
[2025-12-15T08:55:35.581+0000] {manager.py:879} INFO - 
================================================================================
DAG File Processing Stats

File Path                                    PID    Runtime      # DAGs    # Errors  Last Runtime    Last Run
-------------------------------------------  -----  ---------  --------  ----------  --------------  -------------------
/opt/airflow/dags/crm_telemetry_mart_dag.py                           0           1  0.45s           2025-12-15T08:55:11
================================================================================
[2025-12-15T08:56:06.356+0000] {manager.py:879} INFO - 
================================================================================
DAG File Processing Stats

File Path                                    PID    Runtime      # DAGs    # Errors  Last Runtime    Last Run
-------------------------------------------  -----  ---------  --------  ----------  --------------  -------------------
/opt/airflow/dags/crm_telemetry_mart_dag.py                           0           1  0.57s           2025-12-15T08:55:42
================================================================================
[2025-12-15T08:56:36.650+0000] {manager.py:879} INFO - 
================================================================================
DAG File Processing Stats

File Path                                    PID    Runtime      # DAGs    # Errors  Last Runtime    Last Run
-------------------------------------------  -----  ---------  --------  ----------  --------------  -------------------
/opt/airflow/dags/crm_telemetry_mart_dag.py                           0           1  0.45s           2025-12-15T08:56:12
================================================================================
[2025-12-15T08:57:06.834+0000] {manager.py:879} INFO - 
================================================================================
DAG File Processing Stats

File Path                                    PID    Runtime      # DAGs    # Errors  Last Runtime    Last Run
-------------------------------------------  -----  ---------  --------  ----------  --------------  -------------------
/opt/airflow/dags/crm_telemetry_mart_dag.py                           0           1  0.48s           2025-12-15T08:56:43
================================================================================
[2025-12-15T08:57:37.552+0000] {manager.py:879} INFO - 
================================================================================
DAG File Processing Stats

File Path                                    PID    Runtime      # DAGs    # Errors  Last Runtime    Last Run
-------------------------------------------  -----  ---------  --------  ----------  --------------  -------------------
/opt/airflow/dags/crm_telemetry_mart_dag.py                           0           1  0.47s           2025-12-15T08:57:14
================================================================================
[2025-12-15T08:58:07.902+0000] {manager.py:879} INFO - 
================================================================================
DAG File Processing Stats

File Path                                    PID    Runtime      # DAGs    # Errors  Last Runtime    Last Run
-------------------------------------------  -----  ---------  --------  ----------  --------------  -------------------
/opt/airflow/dags/crm_telemetry_mart_dag.py                           0           1  0.42s           2025-12-15T08:57:45
================================================================================
[2025-12-15T08:58:38.078+0000] {manager.py:879} INFO - 
================================================================================
DAG File Processing Stats

File Path                                    PID    Runtime      # DAGs    # Errors  Last Runtime    Last Run
-------------------------------------------  -----  ---------  --------  ----------  --------------  -------------------
/opt/airflow/dags/crm_telemetry_mart_dag.py                           0           1  0.42s           2025-12-15T08:58:15
================================================================================
[2025-12-15T08:59:08.368+0000] {manager.py:879} INFO - 
================================================================================
DAG File Processing Stats

File Path                                    PID    Runtime      # DAGs    # Errors  Last Runtime    Last Run
-------------------------------------------  -----  ---------  --------  ----------  --------------  -------------------
/opt/airflow/dags/crm_telemetry_mart_dag.py                           0           1  0.40s           2025-12-15T08:58:46
================================================================================
[2025-12-15T08:59:38.458+0000] {manager.py:879} INFO - 
================================================================================
DAG File Processing Stats

File Path                                    PID    Runtime      # DAGs    # Errors  Last Runtime    Last Run
-------------------------------------------  -----  ---------  --------  ----------  --------------  -------------------
/opt/airflow/dags/crm_telemetry_mart_dag.py                           0           1  0.41s           2025-12-15T08:59:17
================================================================================
[2025-12-15T09:00:03.728+0000] {manager.py:738} INFO - Searching for files in /opt/airflow/dags
[2025-12-15T09:00:03.749+0000] {manager.py:741} INFO - There are 1 files in /opt/airflow/dags
[2025-12-15T09:00:08.815+0000] {manager.py:879} INFO - 
================================================================================
DAG File Processing Stats

File Path                                    PID    Runtime      # DAGs    # Errors  Last Runtime    Last Run
-------------------------------------------  -----  ---------  --------  ----------  --------------  -------------------
/opt/airflow/dags/crm_telemetry_mart_dag.py                           0           1  0.42s           2025-12-15T08:59:47
================================================================================
[2025-12-15T09:00:38.873+0000] {manager.py:879} INFO - 
================================================================================
DAG File Processing Stats

File Path                                    PID    Runtime      # DAGs    # Errors  Last Runtime    Last Run
-------------------------------------------  -----  ---------  --------  ----------  --------------  -------------------
/opt/airflow/dags/crm_telemetry_mart_dag.py                           0           1  0.43s           2025-12-15T09:00:18
================================================================================
[2025-12-15T09:01:09.159+0000] {manager.py:879} INFO - 
================================================================================
DAG File Processing Stats

File Path                                    PID    Runtime      # DAGs    # Errors  Last Runtime    Last Run
-------------------------------------------  -----  ---------  --------  ----------  --------------  -------------------
/opt/airflow/dags/crm_telemetry_mart_dag.py                           0           1  0.48s           2025-12-15T09:00:49
================================================================================
[2025-12-15T09:01:39.407+0000] {manager.py:879} INFO - 
================================================================================
DAG File Processing Stats

File Path                                    PID    Runtime      # DAGs    # Errors  Last Runtime    Last Run
-------------------------------------------  -----  ---------  --------  ----------  --------------  -------------------
/opt/airflow/dags/crm_telemetry_mart_dag.py                           0           1  0.42s           2025-12-15T09:01:20
================================================================================
[2025-12-15T09:02:09.744+0000] {manager.py:879} INFO - 
================================================================================
DAG File Processing Stats

File Path                                    PID    Runtime      # DAGs    # Errors  Last Runtime    Last Run
-------------------------------------------  -----  ---------  --------  ----------  --------------  -------------------
/opt/airflow/dags/crm_telemetry_mart_dag.py                           0           1  0.40s           2025-12-15T09:01:50
================================================================================
[2025-12-15T09:02:39.780+0000] {manager.py:879} INFO - 
================================================================================
DAG File Processing Stats

File Path                                    PID    Runtime      # DAGs    # Errors  Last Runtime    Last Run
-------------------------------------------  -----  ---------  --------  ----------  --------------  -------------------
/opt/airflow/dags/crm_telemetry_mart_dag.py                           0           1  0.43s           2025-12-15T09:02:21
================================================================================
[2025-12-15T09:03:10.006+0000] {manager.py:879} INFO - 
================================================================================
DAG File Processing Stats

File Path                                    PID    Runtime      # DAGs    # Errors  Last Runtime    Last Run
-------------------------------------------  -----  ---------  --------  ----------  --------------  -------------------
/opt/airflow/dags/crm_telemetry_mart_dag.py                           0           1  0.47s           2025-12-15T09:02:52
================================================================================
[2025-12-15T09:03:40.194+0000] {manager.py:879} INFO - 
================================================================================
DAG File Processing Stats

File Path                                    PID    Runtime      # DAGs    # Errors  Last Runtime    Last Run
-------------------------------------------  -----  ---------  --------  ----------  --------------  -------------------
/opt/airflow/dags/crm_telemetry_mart_dag.py                           0           1  0.44s           2025-12-15T09:03:23
================================================================================
[2025-12-15T09:04:10.408+0000] {manager.py:879} INFO - 
================================================================================
DAG File Processing Stats

File Path                                    PID    Runtime      # DAGs    # Errors  Last Runtime    Last Run
-------------------------------------------  -----  ---------  --------  ----------  --------------  -------------------
/opt/airflow/dags/crm_telemetry_mart_dag.py                           0           1  0.46s           2025-12-15T09:03:53
================================================================================
[2025-12-15T09:04:40.574+0000] {manager.py:879} INFO - 
================================================================================
DAG File Processing Stats

File Path                                    PID    Runtime      # DAGs    # Errors  Last Runtime    Last Run
-------------------------------------------  -----  ---------  --------  ----------  --------------  -------------------
/opt/airflow/dags/crm_telemetry_mart_dag.py                           0           1  0.47s           2025-12-15T09:04:24
================================================================================
[2025-12-15T09:05:03.840+0000] {manager.py:738} INFO - Searching for files in /opt/airflow/dags
[2025-12-15T09:05:03.894+0000] {manager.py:741} INFO - There are 1 files in /opt/airflow/dags
[2025-12-15T09:05:11.014+0000] {manager.py:879} INFO - 
================================================================================
DAG File Processing Stats

File Path                                    PID    Runtime      # DAGs    # Errors  Last Runtime    Last Run
-------------------------------------------  -----  ---------  --------  ----------  --------------  -------------------
/opt/airflow/dags/crm_telemetry_mart_dag.py                           0           1  0.42s           2025-12-15T09:04:55
================================================================================
[2025-12-15T09:05:41.591+0000] {manager.py:879} INFO - 
================================================================================
DAG File Processing Stats

File Path                                    PID    Runtime      # DAGs    # Errors  Last Runtime    Last Run
-------------------------------------------  -----  ---------  --------  ----------  --------------  -------------------
/opt/airflow/dags/crm_telemetry_mart_dag.py                           0           1  0.41s           2025-12-15T09:05:25
================================================================================
[2025-12-15T09:06:11.854+0000] {manager.py:879} INFO - 
================================================================================
DAG File Processing Stats

File Path                                    PID    Runtime      # DAGs    # Errors  Last Runtime    Last Run
-------------------------------------------  -----  ---------  --------  ----------  --------------  -------------------
/opt/airflow/dags/crm_telemetry_mart_dag.py                           0           1  0.50s           2025-12-15T09:05:56
================================================================================
[2025-12-15T09:06:42.606+0000] {manager.py:879} INFO - 
================================================================================
DAG File Processing Stats

File Path                                    PID    Runtime      # DAGs    # Errors  Last Runtime    Last Run
-------------------------------------------  -----  ---------  --------  ----------  --------------  -------------------
/opt/airflow/dags/crm_telemetry_mart_dag.py                           0           1  0.42s           2025-12-15T09:06:27
================================================================================
[2025-12-15T09:07:12.966+0000] {manager.py:879} INFO - 
================================================================================
DAG File Processing Stats

File Path                                    PID    Runtime      # DAGs    # Errors  Last Runtime    Last Run
-------------------------------------------  -----  ---------  --------  ----------  --------------  -------------------
/opt/airflow/dags/crm_telemetry_mart_dag.py                           0           1  0.42s           2025-12-15T09:06:58
================================================================================
[2025-12-15T09:07:43.095+0000] {manager.py:879} INFO - 
================================================================================
DAG File Processing Stats

File Path                                    PID    Runtime      # DAGs    # Errors  Last Runtime    Last Run
-------------------------------------------  -----  ---------  --------  ----------  --------------  -------------------
/opt/airflow/dags/crm_telemetry_mart_dag.py                           0           1  0.43s           2025-12-15T09:07:28
================================================================================
[2025-12-15T09:08:13.381+0000] {manager.py:879} INFO - 
================================================================================
DAG File Processing Stats

File Path                                    PID    Runtime      # DAGs    # Errors  Last Runtime    Last Run
-------------------------------------------  -----  ---------  --------  ----------  --------------  -------------------
/opt/airflow/dags/crm_telemetry_mart_dag.py                           0           1  0.44s           2025-12-15T09:07:59
================================================================================
[2025-12-15T09:08:43.590+0000] {manager.py:879} INFO - 
================================================================================
DAG File Processing Stats

File Path                                    PID    Runtime      # DAGs    # Errors  Last Runtime    Last Run
-------------------------------------------  -----  ---------  --------  ----------  --------------  -------------------
/opt/airflow/dags/crm_telemetry_mart_dag.py                           0           1  0.42s           2025-12-15T09:08:30
================================================================================
[2025-12-15T09:09:13.926+0000] {manager.py:879} INFO - 
================================================================================
DAG File Processing Stats

File Path                                    PID    Runtime      # DAGs    # Errors  Last Runtime    Last Run
-------------------------------------------  -----  ---------  --------  ----------  --------------  -------------------
/opt/airflow/dags/crm_telemetry_mart_dag.py                           0           1  0.41s           2025-12-15T09:09:01
================================================================================
[2025-12-15T09:09:43.989+0000] {manager.py:879} INFO - 
================================================================================
DAG File Processing Stats

File Path                                    PID    Runtime      # DAGs    # Errors  Last Runtime    Last Run
-------------------------------------------  -----  ---------  --------  ----------  --------------  -------------------
/opt/airflow/dags/crm_telemetry_mart_dag.py                           0           1  0.42s           2025-12-15T09:09:31
================================================================================
[2025-12-15T09:10:04.128+0000] {manager.py:738} INFO - Searching for files in /opt/airflow/dags
[2025-12-15T09:10:04.150+0000] {manager.py:741} INFO - There are 1 files in /opt/airflow/dags
[2025-12-15T09:10:14.236+0000] {manager.py:879} INFO - 
================================================================================
DAG File Processing Stats

File Path                                    PID    Runtime      # DAGs    # Errors  Last Runtime    Last Run
-------------------------------------------  -----  ---------  --------  ----------  --------------  -------------------
/opt/airflow/dags/crm_telemetry_mart_dag.py                           0           1  0.43s           2025-12-15T09:10:02
================================================================================
[2025-12-15T09:10:44.283+0000] {manager.py:879} INFO - 
================================================================================
DAG File Processing Stats

File Path                                    PID    Runtime      # DAGs    # Errors  Last Runtime    Last Run
-------------------------------------------  -----  ---------  --------  ----------  --------------  -------------------
/opt/airflow/dags/crm_telemetry_mart_dag.py                           0           1  0.44s           2025-12-15T09:10:33
================================================================================
[2025-12-15T09:11:14.494+0000] {manager.py:879} INFO - 
================================================================================
DAG File Processing Stats

File Path                                    PID    Runtime      # DAGs    # Errors  Last Runtime    Last Run
-------------------------------------------  -----  ---------  --------  ----------  --------------  -------------------
/opt/airflow/dags/crm_telemetry_mart_dag.py                           0           1  0.44s           2025-12-15T09:11:03
================================================================================
[2025-12-15T09:11:44.582+0000] {manager.py:879} INFO - 
================================================================================
DAG File Processing Stats

File Path                                    PID    Runtime      # DAGs    # Errors  Last Runtime    Last Run
-------------------------------------------  -----  ---------  --------  ----------  --------------  -------------------
/opt/airflow/dags/crm_telemetry_mart_dag.py                           0           1  0.42s           2025-12-15T09:11:34
================================================================================
[2025-12-15T09:12:14.811+0000] {manager.py:879} INFO - 
================================================================================
DAG File Processing Stats

File Path                                    PID    Runtime      # DAGs    # Errors  Last Runtime    Last Run
-------------------------------------------  -----  ---------  --------  ----------  --------------  -------------------
/opt/airflow/dags/crm_telemetry_mart_dag.py                           0           1  0.41s           2025-12-15T09:12:05
================================================================================
[2025-12-15T09:12:44.862+0000] {manager.py:879} INFO - 
================================================================================
DAG File Processing Stats

File Path                                    PID    Runtime      # DAGs    # Errors  Last Runtime    Last Run
-------------------------------------------  -----  ---------  --------  ----------  --------------  -------------------
/opt/airflow/dags/crm_telemetry_mart_dag.py                           0           1  0.42s           2025-12-15T09:12:35
================================================================================
[2025-12-15T09:13:15.147+0000] {manager.py:879} INFO - 
================================================================================
DAG File Processing Stats

File Path                                    PID    Runtime      # DAGs    # Errors  Last Runtime    Last Run
-------------------------------------------  -----  ---------  --------  ----------  --------------  -------------------
/opt/airflow/dags/crm_telemetry_mart_dag.py                           0           1  0.41s           2025-12-15T09:13:06
================================================================================
[2025-12-15T09:13:45.255+0000] {manager.py:879} INFO - 
================================================================================
DAG File Processing Stats

File Path                                    PID    Runtime      # DAGs    # Errors  Last Runtime    Last Run
-------------------------------------------  -----  ---------  --------  ----------  --------------  -------------------
/opt/airflow/dags/crm_telemetry_mart_dag.py                           0           1  0.50s           2025-12-15T09:13:37
================================================================================
[2025-12-15T09:14:15.473+0000] {manager.py:879} INFO - 
================================================================================
DAG File Processing Stats

File Path                                    PID    Runtime      # DAGs    # Errors  Last Runtime    Last Run
-------------------------------------------  -----  ---------  --------  ----------  --------------  -------------------
/opt/airflow/dags/crm_telemetry_mart_dag.py                           0           1  0.42s           2025-12-15T09:14:07
================================================================================
[2025-12-15T09:14:45.562+0000] {manager.py:879} INFO - 
================================================================================
DAG File Processing Stats

File Path                                    PID    Runtime      # DAGs    # Errors  Last Runtime    Last Run
-------------------------------------------  -----  ---------  --------  ----------  --------------  -------------------
/opt/airflow/dags/crm_telemetry_mart_dag.py                           0           1  0.44s           2025-12-15T09:14:38
================================================================================
[2025-12-15T09:15:04.263+0000] {manager.py:738} INFO - Searching for files in /opt/airflow/dags
[2025-12-15T09:15:04.288+0000] {manager.py:741} INFO - There are 1 files in /opt/airflow/dags
[2025-12-15T09:15:15.804+0000] {manager.py:879} INFO - 
================================================================================
DAG File Processing Stats

File Path                                    PID    Runtime      # DAGs    # Errors  Last Runtime    Last Run
-------------------------------------------  -----  ---------  --------  ----------  --------------  -------------------
/opt/airflow/dags/crm_telemetry_mart_dag.py                           0           1  0.44s           2025-12-15T09:15:09
================================================================================
[2025-12-15T09:15:45.945+0000] {manager.py:879} INFO - 
================================================================================
DAG File Processing Stats

File Path                                    PID    Runtime      # DAGs    # Errors  Last Runtime    Last Run
-------------------------------------------  -----  ---------  --------  ----------  --------------  -------------------
/opt/airflow/dags/crm_telemetry_mart_dag.py                           0           1  0.50s           2025-12-15T09:15:39
================================================================================
[2025-12-15T09:16:16.194+0000] {manager.py:879} INFO - 
================================================================================
DAG File Processing Stats

File Path                                    PID    Runtime      # DAGs    # Errors  Last Runtime    Last Run
-------------------------------------------  -----  ---------  --------  ----------  --------------  -------------------
/opt/airflow/dags/crm_telemetry_mart_dag.py                           0           1  0.43s           2025-12-15T09:16:10
================================================================================
[2025-12-15T09:16:46.251+0000] {manager.py:879} INFO - 
================================================================================
DAG File Processing Stats

File Path                                    PID    Runtime      # DAGs    # Errors  Last Runtime    Last Run
-------------------------------------------  -----  ---------  --------  ----------  --------------  -------------------
/opt/airflow/dags/crm_telemetry_mart_dag.py                           0           1  0.42s           2025-12-15T09:16:41
================================================================================
[2025-12-15T09:17:16.496+0000] {manager.py:879} INFO - 
================================================================================
DAG File Processing Stats

File Path                                    PID    Runtime      # DAGs    # Errors  Last Runtime    Last Run
-------------------------------------------  -----  ---------  --------  ----------  --------------  -------------------
/opt/airflow/dags/crm_telemetry_mart_dag.py                           0           1  0.41s           2025-12-15T09:17:11
================================================================================
[2025-12-15T09:17:46.521+0000] {manager.py:879} INFO - 
================================================================================
DAG File Processing Stats

File Path                                    PID    Runtime      # DAGs    # Errors  Last Runtime    Last Run
-------------------------------------------  -----  ---------  --------  ----------  --------------  -------------------
/opt/airflow/dags/crm_telemetry_mart_dag.py                           0           1  0.41s           2025-12-15T09:17:42
================================================================================
[2025-12-15T09:18:16.738+0000] {manager.py:879} INFO - 
================================================================================
DAG File Processing Stats

File Path                                    PID    Runtime      # DAGs    # Errors  Last Runtime    Last Run
-------------------------------------------  -----  ---------  --------  ----------  --------------  -------------------
/opt/airflow/dags/crm_telemetry_mart_dag.py                           0           1  0.42s           2025-12-15T09:18:13
================================================================================
[2025-12-15T09:18:46.780+0000] {manager.py:879} INFO - 
================================================================================
DAG File Processing Stats

File Path                                    PID    Runtime      # DAGs    # Errors  Last Runtime    Last Run
-------------------------------------------  -----  ---------  --------  ----------  --------------  -------------------
/opt/airflow/dags/crm_telemetry_mart_dag.py                           0           1  0.46s           2025-12-15T09:18:43
================================================================================
[2025-12-15T09:19:16.951+0000] {manager.py:879} INFO - 
================================================================================
DAG File Processing Stats

File Path                                    PID    Runtime      # DAGs    # Errors  Last Runtime    Last Run
-------------------------------------------  -----  ---------  --------  ----------  --------------  -------------------
/opt/airflow/dags/crm_telemetry_mart_dag.py                           0           1  0.45s           2025-12-15T09:19:14
================================================================================
[2025-12-15T09:19:46.977+0000] {manager.py:879} INFO - 
================================================================================
DAG File Processing Stats

File Path                                    PID    Runtime      # DAGs    # Errors  Last Runtime    Last Run
-------------------------------------------  -----  ---------  --------  ----------  --------------  -------------------
/opt/airflow/dags/crm_telemetry_mart_dag.py                           0           1  0.43s           2025-12-15T09:19:44
================================================================================
[2025-12-15T09:20:04.722+0000] {manager.py:738} INFO - Searching for files in /opt/airflow/dags
[2025-12-15T09:20:04.745+0000] {manager.py:741} INFO - There are 1 files in /opt/airflow/dags
[2025-12-15T09:20:17.263+0000] {manager.py:879} INFO - 
================================================================================
DAG File Processing Stats

File Path                                    PID    Runtime      # DAGs    # Errors  Last Runtime    Last Run
-------------------------------------------  -----  ---------  --------  ----------  --------------  -------------------
/opt/airflow/dags/crm_telemetry_mart_dag.py                           0           1  0.45s           2025-12-15T09:20:15
================================================================================
[2025-12-15T09:20:47.465+0000] {manager.py:879} INFO - 
================================================================================
DAG File Processing Stats

File Path                                    PID    Runtime      # DAGs    # Errors  Last Runtime    Last Run
-------------------------------------------  -----  ---------  --------  ----------  --------------  -------------------
/opt/airflow/dags/crm_telemetry_mart_dag.py                           0           1  0.52s           2025-12-15T09:20:46
================================================================================
[2025-12-15T09:21:18.055+0000] {manager.py:879} INFO - 
================================================================================
DAG File Processing Stats

File Path                                    PID    Runtime      # DAGs    # Errors  Last Runtime    Last Run
-------------------------------------------  -----  ---------  --------  ----------  --------------  -------------------
/opt/airflow/dags/crm_telemetry_mart_dag.py                           0           1  0.43s           2025-12-15T09:21:17
================================================================================
[2025-12-15T09:21:48.368+0000] {manager.py:879} INFO - 
================================================================================
DAG File Processing Stats

File Path                                    PID    Runtime      # DAGs    # Errors  Last Runtime    Last Run
-------------------------------------------  -----  ---------  --------  ----------  --------------  -------------------
/opt/airflow/dags/crm_telemetry_mart_dag.py                           0           1  0.52s           2025-12-15T09:21:47
================================================================================
[2025-12-15T09:22:18.576+0000] {manager.py:879} INFO - 
================================================================================
DAG File Processing Stats

File Path                                    PID    Runtime      # DAGs    # Errors  Last Runtime    Last Run
-------------------------------------------  -----  ---------  --------  ----------  --------------  -------------------
/opt/airflow/dags/crm_telemetry_mart_dag.py                           0           1  0.42s           2025-12-15T09:22:18
================================================================================
[2025-12-15T09:22:48.848+0000] {manager.py:879} INFO - 
================================================================================
DAG File Processing Stats

File Path                                      PID  Runtime      # DAGs    # Errors  Last Runtime    Last Run
-------------------------------------------  -----  ---------  --------  ----------  --------------  -------------------
/opt/airflow/dags/crm_telemetry_mart_dag.py    564  0.01s             0           1  0.42s           2025-12-15T09:22:18
================================================================================
[2025-12-15T09:23:19.136+0000] {manager.py:879} INFO - 
================================================================================
DAG File Processing Stats

File Path                                    PID    Runtime      # DAGs    # Errors  Last Runtime    Last Run
-------------------------------------------  -----  ---------  --------  ----------  --------------  -------------------
/opt/airflow/dags/crm_telemetry_mart_dag.py                           0           1  0.43s           2025-12-15T09:22:49
================================================================================
[2025-12-15T09:23:49.740+0000] {manager.py:879} INFO - 
================================================================================
DAG File Processing Stats

File Path                                    PID    Runtime      # DAGs    # Errors  Last Runtime    Last Run
-------------------------------------------  -----  ---------  --------  ----------  --------------  -------------------
/opt/airflow/dags/crm_telemetry_mart_dag.py                           0           1  0.45s           2025-12-15T09:23:19
================================================================================
[2025-12-15T09:24:19.862+0000] {manager.py:879} INFO - 
================================================================================
DAG File Processing Stats

File Path                                    PID    Runtime      # DAGs    # Errors  Last Runtime    Last Run
-------------------------------------------  -----  ---------  --------  ----------  --------------  -------------------
/opt/airflow/dags/crm_telemetry_mart_dag.py                           0           1  0.43s           2025-12-15T09:23:50
================================================================================
[2025-12-15T09:24:50.119+0000] {manager.py:879} INFO - 
================================================================================
DAG File Processing Stats

File Path                                    PID    Runtime      # DAGs    # Errors  Last Runtime    Last Run
-------------------------------------------  -----  ---------  --------  ----------  --------------  -------------------
/opt/airflow/dags/crm_telemetry_mart_dag.py                           0           1  0.43s           2025-12-15T09:24:21
================================================================================
[2025-12-15T09:25:05.036+0000] {manager.py:738} INFO - Searching for files in /opt/airflow/dags
[2025-12-15T09:25:05.223+0000] {manager.py:741} INFO - There are 1 files in /opt/airflow/dags
[2025-12-15T09:25:20.387+0000] {manager.py:879} INFO - 
================================================================================
DAG File Processing Stats

File Path                                    PID    Runtime      # DAGs    # Errors  Last Runtime    Last Run
-------------------------------------------  -----  ---------  --------  ----------  --------------  -------------------
/opt/airflow/dags/crm_telemetry_mart_dag.py                           0           1  0.42s           2025-12-15T09:24:51
================================================================================
[2025-12-15T09:25:50.959+0000] {manager.py:879} INFO - 
================================================================================
DAG File Processing Stats

File Path                                    PID    Runtime      # DAGs    # Errors  Last Runtime    Last Run
-------------------------------------------  -----  ---------  --------  ----------  --------------  -------------------
/opt/airflow/dags/crm_telemetry_mart_dag.py                           0           1  0.48s           2025-12-15T09:25:22
================================================================================
[2025-12-15T09:26:21.328+0000] {manager.py:879} INFO - 
================================================================================
DAG File Processing Stats

File Path                                    PID    Runtime      # DAGs    # Errors  Last Runtime    Last Run
-------------------------------------------  -----  ---------  --------  ----------  --------------  -------------------
/opt/airflow/dags/crm_telemetry_mart_dag.py                           0           1  0.47s           2025-12-15T09:25:53
================================================================================
[2025-12-15T09:26:51.369+0000] {manager.py:879} INFO - 
================================================================================
DAG File Processing Stats

File Path                                    PID    Runtime      # DAGs    # Errors  Last Runtime    Last Run
-------------------------------------------  -----  ---------  --------  ----------  --------------  -------------------
/opt/airflow/dags/crm_telemetry_mart_dag.py                           0           1  0.45s           2025-12-15T09:26:24
================================================================================
[2025-12-15T09:27:21.395+0000] {manager.py:879} INFO - 
================================================================================
DAG File Processing Stats

File Path                                    PID    Runtime      # DAGs    # Errors  Last Runtime    Last Run
-------------------------------------------  -----  ---------  --------  ----------  --------------  -------------------
/opt/airflow/dags/crm_telemetry_mart_dag.py                           0           1  0.44s           2025-12-15T09:26:54
================================================================================
[2025-12-15T09:27:51.974+0000] {manager.py:879} INFO - 
================================================================================
DAG File Processing Stats

File Path                                    PID    Runtime      # DAGs    # Errors  Last Runtime    Last Run
-------------------------------------------  -----  ---------  --------  ----------  --------------  -------------------
/opt/airflow/dags/crm_telemetry_mart_dag.py                           0           1  0.45s           2025-12-15T09:27:25
================================================================================
[2025-12-15T09:28:22.267+0000] {manager.py:879} INFO - 
================================================================================
DAG File Processing Stats

File Path                                    PID    Runtime      # DAGs    # Errors  Last Runtime    Last Run
-------------------------------------------  -----  ---------  --------  ----------  --------------  -------------------
/opt/airflow/dags/crm_telemetry_mart_dag.py                           0           1  0.54s           2025-12-15T09:27:56
================================================================================
